<?xml version="1.0" encoding="UTF-8"?>
<!-- Generated by org.testng.reporters.JUnitXMLReporter -->
<testsuite ignored="0" hostname="DESKTOP-C21QKP5" failures="0" tests="3" name="Test" time="100.921" errors="0" timestamp="2024-07-20T10:42:18 IST">
  <testcase classname="Testng2.BikeRoyalEnfield" name="enfield" time="65.525"/>
  <testcase classname="Testng2.BikePulsar" name="pulsar" time="15.073"/>
  <testcase classname="Testng2.BikeAvenger" name="avenger" time="20.212"/>
</testsuite> <!-- Test -->
